[0.788s] DEBUG:colcon:Command line arguments: ['/usr/bin/colcon', 'build', '--symlink-install']
[0.789s] DEBUG:colcon:Parsed command line arguments: Namespace(ament_cmake_args=None, base_paths=['.'], build_base='build', catkin_cmake_args=None, catkin_skip_building_tests=False, cmake_args=None, cmake_clean_cache=False, cmake_clean_first=False, cmake_force_configure=False, cmake_target=None, cmake_target_skip_unavailable=False, continue_on_error=False, event_handlers=None, executor='parallel', ignore_user_meta=False, install_base='install', log_base=None, log_level=None, main=<bound method BuildVerb.main of <colcon_core.verb.build.BuildVerb object at 0x7ff84280a9d0>>, merge_install=False, metas=['./colcon.meta'], mixin=None, mixin_files=None, mixin_verb=('build',), packages_above=None, packages_above_and_dependencies=None, packages_above_depth=None, packages_end=None, packages_ignore=None, packages_ignore_regex=None, packages_select=None, packages_select_build_failed=False, packages_select_by_dep=None, packages_select_regex=None, packages_select_test_failures=False, packages_skip=None, packages_skip_build_finished=False, packages_skip_by_dep=None, packages_skip_regex=None, packages_skip_test_passed=False, packages_skip_up_to=None, packages_start=None, packages_up_to=None, packages_up_to_regex=None, parallel_workers=16, paths=None, symlink_install=True, test_result_base=None, verb_extension=<colcon_core.verb.build.BuildVerb object at 0x7ff84280a9d0>, verb_name='build', verb_parser=<colcon_mixin.mixin.mixin_argument.MixinArgumentDecorator object at 0x7ff84280afa0>)
[0.886s] Level 1:colcon.colcon_core.package_discovery:discover_packages(colcon_meta) check parameters
[0.886s] Level 1:colcon.colcon_core.package_discovery:discover_packages(recursive) check parameters
[0.887s] Level 1:colcon.colcon_core.package_discovery:discover_packages(ignore) check parameters
[0.887s] Level 1:colcon.colcon_core.package_discovery:discover_packages(path) check parameters
[0.887s] Level 1:colcon.colcon_core.package_discovery:discover_packages(colcon_meta) discover
[0.887s] Level 1:colcon.colcon_core.package_discovery:discover_packages(recursive) discover
[0.887s] INFO:colcon.colcon_core.package_discovery:Crawling recursively for packages in '/my_first_bot'
[0.888s] Level 1:colcon.colcon_core.package_identification:_identify(.) by extensions ['ignore', 'ignore_ament_install']
[0.889s] Level 1:colcon.colcon_core.package_identification:_identify(.) by extension 'ignore'
[0.889s] Level 1:colcon.colcon_core.package_identification:_identify(.) by extension 'ignore_ament_install'
[0.889s] Level 1:colcon.colcon_core.package_identification:_identify(.) by extensions ['colcon_pkg']
[0.890s] Level 1:colcon.colcon_core.package_identification:_identify(.) by extension 'colcon_pkg'
[0.890s] Level 1:colcon.colcon_core.package_identification:_identify(.) by extensions ['colcon_meta']
[0.890s] Level 1:colcon.colcon_core.package_identification:_identify(.) by extension 'colcon_meta'
[0.890s] Level 1:colcon.colcon_core.package_identification:_identify(.) by extensions ['ros']
[0.890s] Level 1:colcon.colcon_core.package_identification:_identify(.) by extension 'ros'
[0.920s] Level 1:colcon.colcon_core.package_identification:_identify(.) by extensions ['cmake', 'python']
[0.920s] Level 1:colcon.colcon_core.package_identification:_identify(.) by extension 'cmake'
[0.920s] Level 1:colcon.colcon_core.package_identification:_identify(.) by extension 'python'
[0.921s] Level 1:colcon.colcon_core.package_identification:_identify(.) by extensions ['python_setup_py']
[0.921s] Level 1:colcon.colcon_core.package_identification:_identify(.) by extension 'python_setup_py'
[0.924s] Level 1:colcon.colcon_core.package_identification:_identify(build) by extensions ['ignore', 'ignore_ament_install']
[0.924s] Level 1:colcon.colcon_core.package_identification:_identify(build) by extension 'ignore'
[0.925s] Level 1:colcon.colcon_core.package_identification:_identify(build) ignored
[0.928s] Level 1:colcon.colcon_core.package_identification:_identify(dev_ws) by extensions ['ignore', 'ignore_ament_install']
[0.928s] Level 1:colcon.colcon_core.package_identification:_identify(dev_ws) by extension 'ignore'
[0.929s] Level 1:colcon.colcon_core.package_identification:_identify(dev_ws) by extension 'ignore_ament_install'
[0.930s] Level 1:colcon.colcon_core.package_identification:_identify(dev_ws) by extensions ['colcon_pkg']
[0.930s] Level 1:colcon.colcon_core.package_identification:_identify(dev_ws) by extension 'colcon_pkg'
[0.931s] Level 1:colcon.colcon_core.package_identification:_identify(dev_ws) by extensions ['colcon_meta']
[0.931s] Level 1:colcon.colcon_core.package_identification:_identify(dev_ws) by extension 'colcon_meta'
[0.932s] Level 1:colcon.colcon_core.package_identification:_identify(dev_ws) by extensions ['ros']
[0.933s] Level 1:colcon.colcon_core.package_identification:_identify(dev_ws) by extension 'ros'
[0.935s] Level 1:colcon.colcon_core.package_identification:_identify(dev_ws) by extensions ['cmake', 'python']
[0.936s] Level 1:colcon.colcon_core.package_identification:_identify(dev_ws) by extension 'cmake'
[0.937s] Level 1:colcon.colcon_core.package_identification:_identify(dev_ws) by extension 'python'
[0.937s] Level 1:colcon.colcon_core.package_identification:_identify(dev_ws) by extensions ['python_setup_py']
[0.938s] Level 1:colcon.colcon_core.package_identification:_identify(dev_ws) by extension 'python_setup_py'
[0.948s] Level 1:colcon.colcon_core.package_identification:_identify(dev_ws/src) by extensions ['ignore', 'ignore_ament_install']
[0.948s] Level 1:colcon.colcon_core.package_identification:_identify(dev_ws/src) by extension 'ignore'
[0.949s] Level 1:colcon.colcon_core.package_identification:_identify(dev_ws/src) by extension 'ignore_ament_install'
[0.951s] Level 1:colcon.colcon_core.package_identification:_identify(dev_ws/src) by extensions ['colcon_pkg']
[0.951s] Level 1:colcon.colcon_core.package_identification:_identify(dev_ws/src) by extension 'colcon_pkg'
[0.952s] Level 1:colcon.colcon_core.package_identification:_identify(dev_ws/src) by extensions ['colcon_meta']
[0.952s] Level 1:colcon.colcon_core.package_identification:_identify(dev_ws/src) by extension 'colcon_meta'
[0.953s] Level 1:colcon.colcon_core.package_identification:_identify(dev_ws/src) by extensions ['ros']
[0.953s] Level 1:colcon.colcon_core.package_identification:_identify(dev_ws/src) by extension 'ros'
[0.956s] Level 1:colcon.colcon_core.package_identification:_identify(dev_ws/src) by extensions ['cmake', 'python']
[0.956s] Level 1:colcon.colcon_core.package_identification:_identify(dev_ws/src) by extension 'cmake'
[0.957s] Level 1:colcon.colcon_core.package_identification:_identify(dev_ws/src) by extension 'python'
[0.958s] Level 1:colcon.colcon_core.package_identification:_identify(dev_ws/src) by extensions ['python_setup_py']
[0.958s] Level 1:colcon.colcon_core.package_identification:_identify(dev_ws/src) by extension 'python_setup_py'
[0.962s] Level 1:colcon.colcon_core.package_identification:_identify(dev_ws/src/my_bot) by extensions ['ignore', 'ignore_ament_install']
[0.963s] Level 1:colcon.colcon_core.package_identification:_identify(dev_ws/src/my_bot) by extension 'ignore'
[0.964s] Level 1:colcon.colcon_core.package_identification:_identify(dev_ws/src/my_bot) by extension 'ignore_ament_install'
[0.967s] Level 1:colcon.colcon_core.package_identification:_identify(dev_ws/src/my_bot) by extensions ['colcon_pkg']
[0.967s] Level 1:colcon.colcon_core.package_identification:_identify(dev_ws/src/my_bot) by extension 'colcon_pkg'
[0.968s] Level 1:colcon.colcon_core.package_identification:_identify(dev_ws/src/my_bot) by extensions ['colcon_meta']
[0.968s] Level 1:colcon.colcon_core.package_identification:_identify(dev_ws/src/my_bot) by extension 'colcon_meta'
[0.970s] Level 1:colcon.colcon_core.package_identification:_identify(dev_ws/src/my_bot) by extensions ['ros']
[0.970s] Level 1:colcon.colcon_core.package_identification:_identify(dev_ws/src/my_bot) by extension 'ros'
[0.993s] DEBUG:colcon.colcon_core.package_identification:Package 'dev_ws/src/my_bot' with type 'ros.ament_cmake' and name 'my_bot'
[0.996s] Level 1:colcon.colcon_core.package_identification:_identify(images) by extensions ['ignore', 'ignore_ament_install']
[0.996s] Level 1:colcon.colcon_core.package_identification:_identify(images) by extension 'ignore'
[0.997s] Level 1:colcon.colcon_core.package_identification:_identify(images) by extension 'ignore_ament_install'
[0.999s] Level 1:colcon.colcon_core.package_identification:_identify(images) by extensions ['colcon_pkg']
[0.999s] Level 1:colcon.colcon_core.package_identification:_identify(images) by extension 'colcon_pkg'
[1.001s] Level 1:colcon.colcon_core.package_identification:_identify(images) by extensions ['colcon_meta']
[1.001s] Level 1:colcon.colcon_core.package_identification:_identify(images) by extension 'colcon_meta'
[1.002s] Level 1:colcon.colcon_core.package_identification:_identify(images) by extensions ['ros']
[1.002s] Level 1:colcon.colcon_core.package_identification:_identify(images) by extension 'ros'
[1.007s] Level 1:colcon.colcon_core.package_identification:_identify(images) by extensions ['cmake', 'python']
[1.008s] Level 1:colcon.colcon_core.package_identification:_identify(images) by extension 'cmake'
[1.015s] Level 1:colcon.colcon_core.package_identification:_identify(images) by extension 'python'
[1.016s] Level 1:colcon.colcon_core.package_identification:_identify(images) by extensions ['python_setup_py']
[1.016s] Level 1:colcon.colcon_core.package_identification:_identify(images) by extension 'python_setup_py'
[1.021s] Level 1:colcon.colcon_core.package_identification:_identify(install) by extensions ['ignore', 'ignore_ament_install']
[1.021s] Level 1:colcon.colcon_core.package_identification:_identify(install) by extension 'ignore'
[1.022s] Level 1:colcon.colcon_core.package_identification:_identify(install) ignored
[1.026s] Level 1:colcon.colcon_core.package_identification:_identify(log) by extensions ['ignore', 'ignore_ament_install']
[1.026s] Level 1:colcon.colcon_core.package_identification:_identify(log) by extension 'ignore'
[1.027s] Level 1:colcon.colcon_core.package_identification:_identify(log) ignored
[1.028s] Level 1:colcon.colcon_core.package_discovery:discover_packages(recursive) using defaults
[1.028s] Level 1:colcon.colcon_core.package_discovery:discover_packages(ignore) discover
[1.028s] Level 1:colcon.colcon_core.package_discovery:discover_packages(ignore) using defaults
[1.029s] Level 1:colcon.colcon_core.package_discovery:discover_packages(path) discover
[1.029s] Level 1:colcon.colcon_core.package_discovery:discover_packages(path) using defaults
[1.069s] Level 5:colcon.colcon_core.verb:set package 'my_bot' build argument 'cmake_args' from command line to 'None'
[1.069s] Level 5:colcon.colcon_core.verb:set package 'my_bot' build argument 'cmake_target' from command line to 'None'
[1.069s] Level 5:colcon.colcon_core.verb:set package 'my_bot' build argument 'cmake_target_skip_unavailable' from command line to 'False'
[1.069s] Level 5:colcon.colcon_core.verb:set package 'my_bot' build argument 'cmake_clean_cache' from command line to 'False'
[1.069s] Level 5:colcon.colcon_core.verb:set package 'my_bot' build argument 'cmake_clean_first' from command line to 'False'
[1.069s] Level 5:colcon.colcon_core.verb:set package 'my_bot' build argument 'cmake_force_configure' from command line to 'False'
[1.070s] Level 5:colcon.colcon_core.verb:set package 'my_bot' build argument 'ament_cmake_args' from command line to 'None'
[1.070s] Level 5:colcon.colcon_core.verb:set package 'my_bot' build argument 'catkin_cmake_args' from command line to 'None'
[1.070s] Level 5:colcon.colcon_core.verb:set package 'my_bot' build argument 'catkin_skip_building_tests' from command line to 'False'
[1.070s] DEBUG:colcon.colcon_core.verb:Building package 'my_bot' with the following arguments: {'ament_cmake_args': None, 'build_base': '/my_first_bot/build/my_bot', 'catkin_cmake_args': None, 'catkin_skip_building_tests': False, 'cmake_args': None, 'cmake_clean_cache': False, 'cmake_clean_first': False, 'cmake_force_configure': False, 'cmake_target': None, 'cmake_target_skip_unavailable': False, 'install_base': '/my_first_bot/install/my_bot', 'merge_install': False, 'path': '/my_first_bot/dev_ws/src/my_bot', 'symlink_install': True, 'test_result_base': None}
[1.071s] INFO:colcon.colcon_core.executor:Executing jobs using 'parallel' executor
[1.078s] DEBUG:colcon.colcon_parallel_executor.executor.parallel:run_until_complete
[1.078s] INFO:colcon.colcon_ros.task.ament_cmake.build:Building ROS package in '/my_first_bot/dev_ws/src/my_bot' with build type 'ament_cmake'
[1.079s] INFO:colcon.colcon_cmake.task.cmake.build:Building CMake package in '/my_first_bot/dev_ws/src/my_bot'
[1.091s] INFO:colcon.colcon_core.plugin_system:Skipping extension 'colcon_core.shell.bat': Not used on non-Windows systems
[1.092s] INFO:colcon.colcon_core.shell:Skip shell extension 'powershell' for command environment: Not usable outside of PowerShell
[1.092s] DEBUG:colcon.colcon_core.shell:Skip shell extension 'dsv' for command environment
[1.162s] DEBUG:colcon.colcon_core.event_handler.log_command:Invoking command in '/my_first_bot/build/my_bot': CMAKE_PREFIX_PATH=/opt/ros/foxy /usr/bin/cmake /my_first_bot/dev_ws/src/my_bot -DAMENT_CMAKE_SYMLINK_INSTALL=1 -DCMAKE_INSTALL_PREFIX=/my_first_bot/install/my_bot
[7.176s] DEBUG:colcon.colcon_core.event_handler.log_command:Invoked command in '/my_first_bot/build/my_bot' returned '0': CMAKE_PREFIX_PATH=/opt/ros/foxy /usr/bin/cmake /my_first_bot/dev_ws/src/my_bot -DAMENT_CMAKE_SYMLINK_INSTALL=1 -DCMAKE_INSTALL_PREFIX=/my_first_bot/install/my_bot
[7.188s] DEBUG:colcon.colcon_core.event_handler.log_command:Invoking command in '/my_first_bot/build/my_bot': CMAKE_PREFIX_PATH=/opt/ros/foxy /usr/bin/cmake --build /my_first_bot/build/my_bot -- -j16 -l16
[7.285s] DEBUG:colcon.colcon_core.event_handler.log_command:Invoked command in '/my_first_bot/build/my_bot' returned '0': CMAKE_PREFIX_PATH=/opt/ros/foxy /usr/bin/cmake --build /my_first_bot/build/my_bot -- -j16 -l16
[7.332s] DEBUG:colcon.colcon_core.event_handler.log_command:Invoking command in '/my_first_bot/build/my_bot': CMAKE_PREFIX_PATH=/opt/ros/foxy /usr/bin/cmake --install /my_first_bot/build/my_bot
[8.312s] Level 1:colcon.colcon_core.environment:create_environment_scripts_only(my_bot)
[8.314s] DEBUG:colcon.colcon_core.event_handler.log_command:Invoked command in '/my_first_bot/build/my_bot' returned '0': CMAKE_PREFIX_PATH=/opt/ros/foxy /usr/bin/cmake --install /my_first_bot/build/my_bot
[8.327s] Level 1:colcon.colcon_core.environment:checking '/my_first_bot/install/my_bot' for CMake module files
[8.407s] Level 1:colcon.colcon_core.environment:checking '/my_first_bot/install/my_bot' for CMake config files
[8.485s] Level 1:colcon.colcon_core.shell:create_environment_hook('my_bot', 'cmake_prefix_path')
[8.486s] INFO:colcon.colcon_core.shell:Creating environment hook '/my_first_bot/install/my_bot/share/my_bot/hook/cmake_prefix_path.ps1'
[8.497s] INFO:colcon.colcon_core.shell:Creating environment descriptor '/my_first_bot/install/my_bot/share/my_bot/hook/cmake_prefix_path.dsv'
[8.509s] INFO:colcon.colcon_core.shell:Creating environment hook '/my_first_bot/install/my_bot/share/my_bot/hook/cmake_prefix_path.sh'
[8.533s] Level 1:colcon.colcon_core.environment:checking '/my_first_bot/install/my_bot/bin'
[8.535s] Level 1:colcon.colcon_core.environment:checking '/my_first_bot/install/my_bot/lib/pkgconfig/my_bot.pc'
[8.540s] Level 1:colcon.colcon_core.environment:checking '/my_first_bot/install/my_bot/lib/python3.8/site-packages'
[8.541s] Level 1:colcon.colcon_core.environment:checking '/my_first_bot/install/my_bot/bin'
[8.543s] INFO:colcon.colcon_core.shell:Creating package script '/my_first_bot/install/my_bot/share/my_bot/package.ps1'
[8.551s] INFO:colcon.colcon_core.shell:Creating package descriptor '/my_first_bot/install/my_bot/share/my_bot/package.dsv'
[8.563s] INFO:colcon.colcon_core.shell:Creating package script '/my_first_bot/install/my_bot/share/my_bot/package.sh'
[8.574s] INFO:colcon.colcon_core.shell:Creating package script '/my_first_bot/install/my_bot/share/my_bot/package.bash'
[8.584s] INFO:colcon.colcon_core.shell:Creating package script '/my_first_bot/install/my_bot/share/my_bot/package.zsh'
[8.601s] Level 1:colcon.colcon_core.environment:create_file_with_runtime_dependencies(/my_first_bot/install/my_bot/share/colcon-core/packages/my_bot)
[8.645s] Level 1:colcon.colcon_core.environment:create_environment_scripts_only(my_bot)
[8.647s] Level 1:colcon.colcon_core.environment:checking '/my_first_bot/install/my_bot' for CMake module files
[8.715s] Level 1:colcon.colcon_core.environment:checking '/my_first_bot/install/my_bot' for CMake config files
[8.782s] Level 1:colcon.colcon_core.shell:create_environment_hook('my_bot', 'cmake_prefix_path')
[8.784s] INFO:colcon.colcon_core.shell:Creating environment hook '/my_first_bot/install/my_bot/share/my_bot/hook/cmake_prefix_path.ps1'
[8.797s] INFO:colcon.colcon_core.shell:Creating environment descriptor '/my_first_bot/install/my_bot/share/my_bot/hook/cmake_prefix_path.dsv'
[8.806s] INFO:colcon.colcon_core.shell:Creating environment hook '/my_first_bot/install/my_bot/share/my_bot/hook/cmake_prefix_path.sh'
[8.817s] Level 1:colcon.colcon_core.environment:checking '/my_first_bot/install/my_bot/bin'
[8.819s] Level 1:colcon.colcon_core.environment:checking '/my_first_bot/install/my_bot/lib/pkgconfig/my_bot.pc'
[8.822s] Level 1:colcon.colcon_core.environment:checking '/my_first_bot/install/my_bot/lib/python3.8/site-packages'
[8.824s] Level 1:colcon.colcon_core.environment:checking '/my_first_bot/install/my_bot/bin'
[8.826s] INFO:colcon.colcon_core.shell:Creating package script '/my_first_bot/install/my_bot/share/my_bot/package.ps1'
[8.835s] INFO:colcon.colcon_core.shell:Creating package descriptor '/my_first_bot/install/my_bot/share/my_bot/package.dsv'
[8.844s] INFO:colcon.colcon_core.shell:Creating package script '/my_first_bot/install/my_bot/share/my_bot/package.sh'
[8.854s] INFO:colcon.colcon_core.shell:Creating package script '/my_first_bot/install/my_bot/share/my_bot/package.bash'
[8.865s] INFO:colcon.colcon_core.shell:Creating package script '/my_first_bot/install/my_bot/share/my_bot/package.zsh'
[8.874s] Level 1:colcon.colcon_core.environment:create_file_with_runtime_dependencies(/my_first_bot/install/my_bot/share/colcon-core/packages/my_bot)
[8.880s] DEBUG:colcon.colcon_parallel_executor.executor.parallel:closing loop
[8.881s] DEBUG:colcon.colcon_parallel_executor.executor.parallel:loop closed
[8.881s] DEBUG:colcon.colcon_parallel_executor.executor.parallel:run_until_complete finished with '0'
[8.881s] DEBUG:colcon.colcon_core.event_reactor:joining thread
[8.904s] INFO:colcon.colcon_core.plugin_system:Skipping extension 'colcon_notification.desktop_notification.notify_send': Could not find 'notify-send'
[8.905s] INFO:colcon.colcon_core.plugin_system:Skipping extension 'colcon_notification.desktop_notification.terminal_notifier': Not used on non-Darwin systems
[8.905s] INFO:colcon.colcon_core.plugin_system:Skipping extension 'colcon_notification.desktop_notification.win32': Not used on non-Windows systems
[8.905s] INFO:colcon.colcon_notification.desktop_notification:Sending desktop notification using 'notify2'
[8.914s] DEBUG:colcon.colcon_notification.desktop_notification.notify2:Failed to initialize notify2: org.freedesktop.DBus.Error.Spawn.ExecFailed: /usr/bin/dbus-launch terminated abnormally without any error message
[8.915s] DEBUG:colcon.colcon_core.event_reactor:joined thread
[8.917s] INFO:colcon.colcon_core.shell:Creating prefix script '/my_first_bot/install/local_setup.ps1'
[8.923s] INFO:colcon.colcon_core.shell:Creating prefix util module '/my_first_bot/install/_local_setup_util_ps1.py'
[8.931s] INFO:colcon.colcon_core.shell:Creating prefix chain script '/my_first_bot/install/setup.ps1'
[8.941s] INFO:colcon.colcon_core.shell:Creating prefix script '/my_first_bot/install/local_setup.sh'
[8.946s] INFO:colcon.colcon_core.shell:Creating prefix util module '/my_first_bot/install/_local_setup_util_sh.py'
[8.951s] INFO:colcon.colcon_core.shell:Creating prefix chain script '/my_first_bot/install/setup.sh'
[8.957s] INFO:colcon.colcon_core.shell:Creating prefix script '/my_first_bot/install/local_setup.bash'
[8.963s] INFO:colcon.colcon_core.shell:Creating prefix chain script '/my_first_bot/install/setup.bash'
[8.968s] INFO:colcon.colcon_core.shell:Creating prefix script '/my_first_bot/install/local_setup.zsh'
[8.974s] INFO:colcon.colcon_core.shell:Creating prefix chain script '/my_first_bot/install/setup.zsh'
